<?xml version="1.0" encoding="UTF-8"?>
<!-- Generated by org.testng.reporters.JUnitXMLReporter -->
<testsuite hostname="DINESH" ignored="0" name="Test1" tests="8" failures="2" timestamp="06 Nov 2019 21:21:37 GMT" time="0.11" errors="0">
  <testcase name="test1" time="0.023" classname="rerun.Mytest">
    <skipped/>
  </testcase> <!-- test1 -->
  <testcase name="test1" time="0.003" classname="rerun.Mytest">
    <skipped/>
  </testcase> <!-- test1 -->
  <testcase name="test1" time="0.0" classname="rerun.Mytest">
    <skipped/>
  </testcase> <!-- test1 -->
  <testcase name="test1" time="0.003" classname="rerun.Mytest">
    <failure type="java.lang.AssertionError" message="expected [true] but found [false]">
      <![CDATA[java.lang.AssertionError: expected [true] but found [false]
at rerun.Mytest.test1(Mytest.java:11)
... Removed 31 stack frames]]>
    </failure>
  </testcase> <!-- test1 -->
  <testcase name="test2" time="0.0" classname="rerun.Mytest">
    <skipped/>
  </testcase> <!-- test2 -->
  <testcase name="test2" time="0.0" classname="rerun.Mytest">
    <skipped/>
  </testcase> <!-- test2 -->
  <testcase name="test2" time="0.009" classname="rerun.Mytest">
    <skipped/>
  </testcase> <!-- test2 -->
  <testcase name="test2" time="0.003" classname="rerun.Mytest">
    <failure type="java.lang.AssertionError" message="expected [true] but found [false]">
      <![CDATA[java.lang.AssertionError: expected [true] but found [false]
at rerun.Mytest.test2(Mytest.java:16)
... Removed 31 stack frames]]>
    </failure>
  </testcase> <!-- test2 -->
</testsuite> <!-- Test1 -->
